2022-12-27 14:56:02 [34mINFO [0;39m [36mplay.api.http.EnabledFilters[0;39m [35m[0;39m Enabled Filters (see <https://www.playframework.com/documentation/latest/Filters>):


2022-12-27 14:56:02 [34mINFO [0;39m [36mplay.api.Play[0;39m [35m[0;39m Application started (Dev) (no global state)
2022-12-27 14:56:02 [1;31mERROR[0;39m [36mp.api.http.DefaultHttpErrorHandler[0;39m [35m[0;39m 

! @804p08c3d - Internal server error, for (GET) [/websocket] ->
 
play.api.http.HttpErrorHandlerExceptions$$anon$1: Execution exception[[NullPointerException: Cannot invoke "de.htwg.se.wizard.control.controllerBaseImpl.Controller.player_amount()" because the return value of "controllers.WizardController.controller()" is null]]
	at play.api.http.HttpErrorHandlerExceptions$.$anonfun$convertToPlayException$2(HttpErrorHandler.scala:381)
	at scala.Option.map(Option.scala:242)
	at play.api.http.HttpErrorHandlerExceptions$.convertToPlayException(HttpErrorHandler.scala:380)
	at play.api.http.HttpErrorHandlerExceptions$.throwableToUsefulException(HttpErrorHandler.scala:373)
	at play.api.http.DefaultHttpErrorHandler.onServerError(HttpErrorHandler.scala:264)
	at play.core.server.Server$$anonfun$handleErrors$1$1.applyOrElse(Server.scala:112)
	at play.core.server.Server$$anonfun$handleErrors$1$1.applyOrElse(Server.scala:108)
	at scala.runtime.AbstractPartialFunction.apply(AbstractPartialFunction.scala:35)
	at play.core.server.Server$.getHandlerFor(Server.scala:132)
	at play.core.server.AkkaHttpServer.handleRequest(AkkaHttpServer.scala:323)
	at play.core.server.AkkaHttpServer.$anonfun$createServerBinding$1(AkkaHttpServer.scala:225)
	at akka.stream.impl.fusing.MapAsync$$anon$30.onPush(Ops.scala:1307)
	at akka.stream.impl.fusing.GraphInterpreter.processPush(GraphInterpreter.scala:542)
	at akka.stream.impl.fusing.GraphInterpreter.processEvent(GraphInterpreter.scala:496)
	at akka.stream.impl.fusing.GraphInterpreter.execute(GraphInterpreter.scala:390)
	at akka.stream.impl.fusing.GraphInterpreterShell.runBatch(ActorGraphInterpreter.scala:650)
	at akka.stream.impl.fusing.GraphInterpreterShell$AsyncInput.execute(ActorGraphInterpreter.scala:521)
	at akka.stream.impl.fusing.GraphInterpreterShell.processEvent(ActorGraphInterpreter.scala:625)
	at akka.stream.impl.fusing.ActorGraphInterpreter.akka$stream$impl$fusing$ActorGraphInterpreter$$processEvent(ActorGraphInterpreter.scala:800)
	at akka.stream.impl.fusing.ActorGraphInterpreter$$anonfun$receive$1.applyOrElse(ActorGraphInterpreter.scala:818)
	at akka.actor.Actor.aroundReceive(Actor.scala:537)
	at akka.actor.Actor.aroundReceive$(Actor.scala:535)
	at akka.stream.impl.fusing.ActorGraphInterpreter.aroundReceive(ActorGraphInterpreter.scala:716)
	at akka.actor.ActorCell.receiveMessage(ActorCell.scala:580)
	at akka.actor.ActorCell.invoke(ActorCell.scala:548)
	at akka.dispatch.Mailbox.processMailbox(Mailbox.scala:270)
	at akka.dispatch.Mailbox.run(Mailbox.scala:231)
	at akka.dispatch.Mailbox.exec(Mailbox.scala:243)
	at java.base/java.util.concurrent.ForkJoinTask.doExec(ForkJoinTask.java:373)
	at java.base/java.util.concurrent.ForkJoinPool$WorkQueue.topLevelExec(ForkJoinPool.java:1182)
	at java.base/java.util.concurrent.ForkJoinPool.scan(ForkJoinPool.java:1655)
	at java.base/java.util.concurrent.ForkJoinPool.runWorker(ForkJoinPool.java:1622)
	at java.base/java.util.concurrent.ForkJoinWorkerThread.run(ForkJoinWorkerThread.java:165)
Caused by: java.lang.NullPointerException: Cannot invoke "de.htwg.se.wizard.control.controllerBaseImpl.Controller.player_amount()" because the return value of "controllers.WizardController.controller()" is null
	at controllers.WizardController.socket(WizardController.scala:208)
	at router.Routes$$anonfun$routes$1.$anonfun$applyOrElse$28(Routes.scala:418)
	at play.core.routing.HandlerInvokerFactory$$anon$1$$anon$2.call(HandlerInvoker.scala:65)
	at play.core.routing.GeneratedRouter$$anon$2.call(GeneratedRouter.scala:491)
	at router.Routes$$anonfun$routes$1.$anonfun$applyOrElse$27(Routes.scala:418)
	at play.core.routing.GeneratedRouter.call(GeneratedRouter.scala:102)
	at router.Routes$$anonfun$routes$1.applyOrElse(Routes.scala:418)
	at router.Routes$$anonfun$routes$1.applyOrElse(Routes.scala:335)
	at scala.PartialFunction$Lifted.apply(PartialFunction.scala:338)
	at scala.PartialFunction$Lifted.apply(PartialFunction.scala:334)
	at play.api.routing.Router.handlerFor(Router.scala:53)
	at play.api.routing.Router.handlerFor$(Router.scala:53)
	at play.core.routing.GeneratedRouter.handlerFor(GeneratedRouter.scala:94)
	at play.api.http.DefaultHttpRequestHandler.routeRequest(HttpRequestHandler.scala:289)
	at play.api.http.JavaCompatibleHttpRequestHandler.routeRequest(HttpRequestHandler.scala:396)
	at play.api.http.DefaultHttpRequestHandler.routeWithFallback$1(HttpRequestHandler.scala:187)
	at play.api.http.DefaultHttpRequestHandler.handlerForRequest(HttpRequestHandler.scala:237)
	at play.core.server.Server$.getHandlerFor(Server.scala:129)
	... 24 common frames omitted
2022-12-27 14:56:56 [34mINFO [0;39m [36mplay.api.http.EnabledFilters[0;39m [35m[0;39m Enabled Filters (see <https://www.playframework.com/documentation/latest/Filters>):


2022-12-27 14:56:56 [34mINFO [0;39m [36mplay.api.Play[0;39m [35m[0;39m Application started (Dev) (no global state)
2022-12-27 14:56:57 [1;31mERROR[0;39m [36mp.api.http.DefaultHttpErrorHandler[0;39m [35m[0;39m 

! @804p0be7n - Internal server error, for (GET) [/websocket] ->
 
play.api.http.HttpErrorHandlerExceptions$$anon$1: Execution exception[[NullPointerException: Cannot invoke "de.htwg.se.wizard.control.controllerBaseImpl.Controller.player_amount()" because the return value of "controllers.WizardController.controller()" is null]]
	at play.api.http.HttpErrorHandlerExceptions$.$anonfun$convertToPlayException$2(HttpErrorHandler.scala:381)
	at scala.Option.map(Option.scala:242)
	at play.api.http.HttpErrorHandlerExceptions$.convertToPlayException(HttpErrorHandler.scala:380)
	at play.api.http.HttpErrorHandlerExceptions$.throwableToUsefulException(HttpErrorHandler.scala:373)
	at play.api.http.DefaultHttpErrorHandler.onServerError(HttpErrorHandler.scala:264)
	at play.core.server.Server$$anonfun$handleErrors$1$1.applyOrElse(Server.scala:112)
	at play.core.server.Server$$anonfun$handleErrors$1$1.applyOrElse(Server.scala:108)
	at scala.runtime.AbstractPartialFunction.apply(AbstractPartialFunction.scala:35)
	at play.core.server.Server$.getHandlerFor(Server.scala:132)
	at play.core.server.AkkaHttpServer.handleRequest(AkkaHttpServer.scala:323)
	at play.core.server.AkkaHttpServer.$anonfun$createServerBinding$1(AkkaHttpServer.scala:225)
	at akka.stream.impl.fusing.MapAsync$$anon$30.onPush(Ops.scala:1307)
	at akka.stream.impl.fusing.GraphInterpreter.processPush(GraphInterpreter.scala:542)
	at akka.stream.impl.fusing.GraphInterpreter.processEvent(GraphInterpreter.scala:496)
	at akka.stream.impl.fusing.GraphInterpreter.execute(GraphInterpreter.scala:390)
	at akka.stream.impl.fusing.GraphInterpreterShell.runBatch(ActorGraphInterpreter.scala:650)
	at akka.stream.impl.fusing.GraphInterpreterShell$AsyncInput.execute(ActorGraphInterpreter.scala:521)
	at akka.stream.impl.fusing.GraphInterpreterShell.processEvent(ActorGraphInterpreter.scala:625)
	at akka.stream.impl.fusing.ActorGraphInterpreter.akka$stream$impl$fusing$ActorGraphInterpreter$$processEvent(ActorGraphInterpreter.scala:800)
	at akka.stream.impl.fusing.ActorGraphInterpreter$$anonfun$receive$1.applyOrElse(ActorGraphInterpreter.scala:818)
	at akka.actor.Actor.aroundReceive(Actor.scala:537)
	at akka.actor.Actor.aroundReceive$(Actor.scala:535)
	at akka.stream.impl.fusing.ActorGraphInterpreter.aroundReceive(ActorGraphInterpreter.scala:716)
	at akka.actor.ActorCell.receiveMessage(ActorCell.scala:580)
	at akka.actor.ActorCell.invoke(ActorCell.scala:548)
	at akka.dispatch.Mailbox.processMailbox(Mailbox.scala:270)
	at akka.dispatch.Mailbox.run(Mailbox.scala:231)
	at akka.dispatch.Mailbox.exec(Mailbox.scala:243)
	at java.base/java.util.concurrent.ForkJoinTask.doExec(ForkJoinTask.java:373)
	at java.base/java.util.concurrent.ForkJoinPool$WorkQueue.topLevelExec(ForkJoinPool.java:1182)
	at java.base/java.util.concurrent.ForkJoinPool.scan(ForkJoinPool.java:1655)
	at java.base/java.util.concurrent.ForkJoinPool.runWorker(ForkJoinPool.java:1622)
	at java.base/java.util.concurrent.ForkJoinWorkerThread.run(ForkJoinWorkerThread.java:165)
Caused by: java.lang.NullPointerException: Cannot invoke "de.htwg.se.wizard.control.controllerBaseImpl.Controller.player_amount()" because the return value of "controllers.WizardController.controller()" is null
	at controllers.WizardController.socket(WizardController.scala:208)
	at router.Routes$$anonfun$routes$1.$anonfun$applyOrElse$28(Routes.scala:418)
	at play.core.routing.HandlerInvokerFactory$$anon$1$$anon$2.call(HandlerInvoker.scala:65)
	at play.core.routing.GeneratedRouter$$anon$2.call(GeneratedRouter.scala:491)
	at router.Routes$$anonfun$routes$1.$anonfun$applyOrElse$27(Routes.scala:418)
	at play.core.routing.GeneratedRouter.call(GeneratedRouter.scala:102)
	at router.Routes$$anonfun$routes$1.applyOrElse(Routes.scala:418)
	at router.Routes$$anonfun$routes$1.applyOrElse(Routes.scala:335)
	at scala.PartialFunction$Lifted.apply(PartialFunction.scala:338)
	at scala.PartialFunction$Lifted.apply(PartialFunction.scala:334)
	at play.api.routing.Router.handlerFor(Router.scala:53)
	at play.api.routing.Router.handlerFor$(Router.scala:53)
	at play.core.routing.GeneratedRouter.handlerFor(GeneratedRouter.scala:94)
	at play.api.http.DefaultHttpRequestHandler.routeRequest(HttpRequestHandler.scala:289)
	at play.api.http.JavaCompatibleHttpRequestHandler.routeRequest(HttpRequestHandler.scala:396)
	at play.api.http.DefaultHttpRequestHandler.routeWithFallback$1(HttpRequestHandler.scala:187)
	at play.api.http.DefaultHttpRequestHandler.handlerForRequest(HttpRequestHandler.scala:237)
	at play.core.server.Server$.getHandlerFor(Server.scala:129)
	... 24 common frames omitted
2022-12-27 14:59:45 [34mINFO [0;39m [36mplay.api.http.EnabledFilters[0;39m [35m[0;39m Enabled Filters (see <https://www.playframework.com/documentation/latest/Filters>):


2022-12-27 14:59:45 [34mINFO [0;39m [36mplay.api.Play[0;39m [35m[0;39m Application started (Dev) (no global state)
2022-12-27 14:59:45 [1;31mERROR[0;39m [36mp.api.http.DefaultHttpErrorHandler[0;39m [35m[0;39m 

! @804p0l31c - Internal server error, for (GET) [/websocket] ->
 
play.api.http.HttpErrorHandlerExceptions$$anon$1: Execution exception[[NullPointerException: Cannot invoke "de.htwg.se.wizard.control.controllerBaseImpl.Controller.player_amount()" because the return value of "controllers.WizardController.controller()" is null]]
	at play.api.http.HttpErrorHandlerExceptions$.$anonfun$convertToPlayException$2(HttpErrorHandler.scala:381)
	at scala.Option.map(Option.scala:242)
	at play.api.http.HttpErrorHandlerExceptions$.convertToPlayException(HttpErrorHandler.scala:380)
	at play.api.http.HttpErrorHandlerExceptions$.throwableToUsefulException(HttpErrorHandler.scala:373)
	at play.api.http.DefaultHttpErrorHandler.onServerError(HttpErrorHandler.scala:264)
	at play.core.server.Server$$anonfun$handleErrors$1$1.applyOrElse(Server.scala:112)
	at play.core.server.Server$$anonfun$handleErrors$1$1.applyOrElse(Server.scala:108)
	at scala.runtime.AbstractPartialFunction.apply(AbstractPartialFunction.scala:35)
	at play.core.server.Server$.getHandlerFor(Server.scala:132)
	at play.core.server.AkkaHttpServer.handleRequest(AkkaHttpServer.scala:323)
	at play.core.server.AkkaHttpServer.$anonfun$createServerBinding$1(AkkaHttpServer.scala:225)
	at akka.stream.impl.fusing.MapAsync$$anon$30.onPush(Ops.scala:1307)
	at akka.stream.impl.fusing.GraphInterpreter.processPush(GraphInterpreter.scala:542)
	at akka.stream.impl.fusing.GraphInterpreter.processEvent(GraphInterpreter.scala:496)
	at akka.stream.impl.fusing.GraphInterpreter.execute(GraphInterpreter.scala:390)
	at akka.stream.impl.fusing.GraphInterpreterShell.runBatch(ActorGraphInterpreter.scala:650)
	at akka.stream.impl.fusing.GraphInterpreterShell$AsyncInput.execute(ActorGraphInterpreter.scala:521)
	at akka.stream.impl.fusing.GraphInterpreterShell.processEvent(ActorGraphInterpreter.scala:625)
	at akka.stream.impl.fusing.ActorGraphInterpreter.akka$stream$impl$fusing$ActorGraphInterpreter$$processEvent(ActorGraphInterpreter.scala:800)
	at akka.stream.impl.fusing.ActorGraphInterpreter$$anonfun$receive$1.applyOrElse(ActorGraphInterpreter.scala:818)
	at akka.actor.Actor.aroundReceive(Actor.scala:537)
	at akka.actor.Actor.aroundReceive$(Actor.scala:535)
	at akka.stream.impl.fusing.ActorGraphInterpreter.aroundReceive(ActorGraphInterpreter.scala:716)
	at akka.actor.ActorCell.receiveMessage(ActorCell.scala:580)
	at akka.actor.ActorCell.invoke(ActorCell.scala:548)
	at akka.dispatch.Mailbox.processMailbox(Mailbox.scala:270)
	at akka.dispatch.Mailbox.run(Mailbox.scala:231)
	at akka.dispatch.Mailbox.exec(Mailbox.scala:243)
	at java.base/java.util.concurrent.ForkJoinTask.doExec(ForkJoinTask.java:373)
	at java.base/java.util.concurrent.ForkJoinPool$WorkQueue.topLevelExec(ForkJoinPool.java:1182)
	at java.base/java.util.concurrent.ForkJoinPool.scan(ForkJoinPool.java:1655)
	at java.base/java.util.concurrent.ForkJoinPool.runWorker(ForkJoinPool.java:1622)
	at java.base/java.util.concurrent.ForkJoinWorkerThread.run(ForkJoinWorkerThread.java:165)
Caused by: java.lang.NullPointerException: Cannot invoke "de.htwg.se.wizard.control.controllerBaseImpl.Controller.player_amount()" because the return value of "controllers.WizardController.controller()" is null
	at controllers.WizardController.socket(WizardController.scala:208)
	at router.Routes$$anonfun$routes$1.$anonfun$applyOrElse$28(Routes.scala:418)
	at play.core.routing.HandlerInvokerFactory$$anon$1$$anon$2.call(HandlerInvoker.scala:65)
	at play.core.routing.GeneratedRouter$$anon$2.call(GeneratedRouter.scala:491)
	at router.Routes$$anonfun$routes$1.$anonfun$applyOrElse$27(Routes.scala:418)
	at play.core.routing.GeneratedRouter.call(GeneratedRouter.scala:102)
	at router.Routes$$anonfun$routes$1.applyOrElse(Routes.scala:418)
	at router.Routes$$anonfun$routes$1.applyOrElse(Routes.scala:335)
	at scala.PartialFunction$Lifted.apply(PartialFunction.scala:338)
	at scala.PartialFunction$Lifted.apply(PartialFunction.scala:334)
	at play.api.routing.Router.handlerFor(Router.scala:53)
	at play.api.routing.Router.handlerFor$(Router.scala:53)
	at play.core.routing.GeneratedRouter.handlerFor(GeneratedRouter.scala:94)
	at play.api.http.DefaultHttpRequestHandler.routeRequest(HttpRequestHandler.scala:289)
	at play.api.http.JavaCompatibleHttpRequestHandler.routeRequest(HttpRequestHandler.scala:396)
	at play.api.http.DefaultHttpRequestHandler.routeWithFallback$1(HttpRequestHandler.scala:187)
	at play.api.http.DefaultHttpRequestHandler.handlerForRequest(HttpRequestHandler.scala:237)
	at play.core.server.Server$.getHandlerFor(Server.scala:129)
	... 24 common frames omitted
2022-12-27 14:59:55 [34mINFO [0;39m [36mplay.api.http.EnabledFilters[0;39m [35m[0;39m Enabled Filters (see <https://www.playframework.com/documentation/latest/Filters>):


2022-12-27 14:59:55 [34mINFO [0;39m [36mplay.api.Play[0;39m [35m[0;39m Application started (Dev) (no global state)
2022-12-27 14:59:56 [1;31mERROR[0;39m [36mp.api.http.DefaultHttpErrorHandler[0;39m [35m[0;39m 

! @804p0lj21 - Internal server error, for (GET) [/websocket] ->
 
play.api.http.HttpErrorHandlerExceptions$$anon$1: Execution exception[[NullPointerException: Cannot invoke "de.htwg.se.wizard.control.controllerBaseImpl.Controller.player_amount()" because the return value of "controllers.WizardController.controller()" is null]]
	at play.api.http.HttpErrorHandlerExceptions$.$anonfun$convertToPlayException$2(HttpErrorHandler.scala:381)
	at scala.Option.map(Option.scala:242)
	at play.api.http.HttpErrorHandlerExceptions$.convertToPlayException(HttpErrorHandler.scala:380)
	at play.api.http.HttpErrorHandlerExceptions$.throwableToUsefulException(HttpErrorHandler.scala:373)
	at play.api.http.DefaultHttpErrorHandler.onServerError(HttpErrorHandler.scala:264)
	at play.core.server.Server$$anonfun$handleErrors$1$1.applyOrElse(Server.scala:112)
	at play.core.server.Server$$anonfun$handleErrors$1$1.applyOrElse(Server.scala:108)
	at scala.runtime.AbstractPartialFunction.apply(AbstractPartialFunction.scala:35)
	at play.core.server.Server$.getHandlerFor(Server.scala:132)
	at play.core.server.AkkaHttpServer.handleRequest(AkkaHttpServer.scala:323)
	at play.core.server.AkkaHttpServer.$anonfun$createServerBinding$1(AkkaHttpServer.scala:225)
	at akka.stream.impl.fusing.MapAsync$$anon$30.onPush(Ops.scala:1307)
	at akka.stream.impl.fusing.GraphInterpreter.processPush(GraphInterpreter.scala:542)
	at akka.stream.impl.fusing.GraphInterpreter.processEvent(GraphInterpreter.scala:496)
	at akka.stream.impl.fusing.GraphInterpreter.execute(GraphInterpreter.scala:390)
	at akka.stream.impl.fusing.GraphInterpreterShell.runBatch(ActorGraphInterpreter.scala:650)
	at akka.stream.impl.fusing.GraphInterpreterShell$AsyncInput.execute(ActorGraphInterpreter.scala:521)
	at akka.stream.impl.fusing.GraphInterpreterShell.processEvent(ActorGraphInterpreter.scala:625)
	at akka.stream.impl.fusing.ActorGraphInterpreter.akka$stream$impl$fusing$ActorGraphInterpreter$$processEvent(ActorGraphInterpreter.scala:800)
	at akka.stream.impl.fusing.ActorGraphInterpreter$$anonfun$receive$1.applyOrElse(ActorGraphInterpreter.scala:818)
	at akka.actor.Actor.aroundReceive(Actor.scala:537)
	at akka.actor.Actor.aroundReceive$(Actor.scala:535)
	at akka.stream.impl.fusing.ActorGraphInterpreter.aroundReceive(ActorGraphInterpreter.scala:716)
	at akka.actor.ActorCell.receiveMessage(ActorCell.scala:580)
	at akka.actor.ActorCell.invoke(ActorCell.scala:548)
	at akka.dispatch.Mailbox.processMailbox(Mailbox.scala:270)
	at akka.dispatch.Mailbox.run(Mailbox.scala:231)
	at akka.dispatch.Mailbox.exec(Mailbox.scala:243)
	at java.base/java.util.concurrent.ForkJoinTask.doExec(ForkJoinTask.java:373)
	at java.base/java.util.concurrent.ForkJoinPool$WorkQueue.topLevelExec(ForkJoinPool.java:1182)
	at java.base/java.util.concurrent.ForkJoinPool.scan(ForkJoinPool.java:1655)
	at java.base/java.util.concurrent.ForkJoinPool.runWorker(ForkJoinPool.java:1622)
	at java.base/java.util.concurrent.ForkJoinWorkerThread.run(ForkJoinWorkerThread.java:165)
Caused by: java.lang.NullPointerException: Cannot invoke "de.htwg.se.wizard.control.controllerBaseImpl.Controller.player_amount()" because the return value of "controllers.WizardController.controller()" is null
	at controllers.WizardController.socket(WizardController.scala:208)
	at router.Routes$$anonfun$routes$1.$anonfun$applyOrElse$28(Routes.scala:418)
	at play.core.routing.HandlerInvokerFactory$$anon$1$$anon$2.call(HandlerInvoker.scala:65)
	at play.core.routing.GeneratedRouter$$anon$2.call(GeneratedRouter.scala:491)
	at router.Routes$$anonfun$routes$1.$anonfun$applyOrElse$27(Routes.scala:418)
	at play.core.routing.GeneratedRouter.call(GeneratedRouter.scala:102)
	at router.Routes$$anonfun$routes$1.applyOrElse(Routes.scala:418)
	at router.Routes$$anonfun$routes$1.applyOrElse(Routes.scala:335)
	at scala.PartialFunction$Lifted.apply(PartialFunction.scala:338)
	at scala.PartialFunction$Lifted.apply(PartialFunction.scala:334)
	at play.api.routing.Router.handlerFor(Router.scala:53)
	at play.api.routing.Router.handlerFor$(Router.scala:53)
	at play.core.routing.GeneratedRouter.handlerFor(GeneratedRouter.scala:94)
	at play.api.http.DefaultHttpRequestHandler.routeRequest(HttpRequestHandler.scala:289)
	at play.api.http.JavaCompatibleHttpRequestHandler.routeRequest(HttpRequestHandler.scala:396)
	at play.api.http.DefaultHttpRequestHandler.routeWithFallback$1(HttpRequestHandler.scala:187)
	at play.api.http.DefaultHttpRequestHandler.handlerForRequest(HttpRequestHandler.scala:237)
	at play.core.server.Server$.getHandlerFor(Server.scala:129)
	... 24 common frames omitted
2022-12-27 15:33:09 [34mINFO [0;39m [36mplay.api.http.EnabledFilters[0;39m [35m[0;39m Enabled Filters (see <https://www.playframework.com/documentation/latest/Filters>):


2022-12-27 15:33:09 [34mINFO [0;39m [36mplay.api.Play[0;39m [35m[0;39m Application started (Dev) (no global state)
2022-12-27 15:37:30 [34mINFO [0;39m [36mplay.api.http.EnabledFilters[0;39m [35m[0;39m Enabled Filters (see <https://www.playframework.com/documentation/latest/Filters>):


2022-12-27 15:37:30 [34mINFO [0;39m [36mplay.api.Play[0;39m [35m[0;39m Application started (Dev) (no global state)
2022-12-27 15:40:25 [34mINFO [0;39m [36mplay.api.http.EnabledFilters[0;39m [35m[0;39m Enabled Filters (see <https://www.playframework.com/documentation/latest/Filters>):


2022-12-27 15:40:25 [34mINFO [0;39m [36mplay.api.Play[0;39m [35m[0;39m Application started (Dev) (no global state)
