2023.01.02 10:16:38 INFO  tracing is disabled for protocol LSP, to enable tracing of incoming and outgoing JSON messages create an empty file at c:\Users\skill\IdeaProjects\wizard_as_a_webapp\.metals\lsp.trace.json or C:\Users\skill\AppData\Local\scalameta\metals\cache\lsp.trace.json
2023.01.02 10:16:39 INFO  logging to file C:\Users\skill\IdeaProjects\wizard_as_a_webapp\.metals\metals.log
2023.01.02 10:16:39 INFO  Started: Metals version 0.11.9 in workspace 'C:\Users\skill\IdeaProjects\wizard_as_a_webapp' for client Visual Studio Code 1.74.2.
2023.01.02 10:16:40 INFO  time: initialize in 0.99s
2023.01.02 10:16:41 WARN  Build server is not auto-connectable.
2023.01.02 10:16:43 ERROR Unexpected error initializing serverscala.concurrent.Future$$anon$2: Future.filter predicate is not satisfied

Jan. 02, 2023 10:17:20 AM org.eclipse.lsp4j.jsonrpc.services.GenericEndpoint notify
INFO: Unsupported notification method: $/setTrace
2023.01.02 10:37:06 INFO  shutting down Metals
2023.01.02 10:37:15 INFO  tracing is disabled for protocol LSP, to enable tracing of incoming and outgoing JSON messages create an empty file at c:\Users\skill\IdeaProjects\wizard_as_a_webapp\.metals\lsp.trace.json or C:\Users\skill\AppData\Local\scalameta\metals\cache\lsp.trace.json
2023.01.02 10:37:15 INFO  logging to file C:\Users\skill\IdeaProjects\wizard_as_a_webapp\.metals\metals.log
2023.01.02 10:37:15 INFO  Started: Metals version 0.11.9 in workspace 'C:\Users\skill\IdeaProjects\wizard_as_a_webapp' for client Visual Studio Code 1.74.2.
2023.01.02 10:37:16 INFO  time: initialize in 0.96s
2023.01.02 10:37:17 WARN  Build server is not auto-connectable.
2023.01.02 10:37:44 ERROR Unexpected error initializing serverscala.concurrent.Future$$anon$2: Future.filter predicate is not satisfied

Jan. 02, 2023 10:51:26 AM org.eclipse.lsp4j.jsonrpc.services.GenericEndpoint notify
INFO: Unsupported notification method: $/setTrace
Jan. 02, 2023 3:52:38 PM org.eclipse.lsp4j.jsonrpc.services.GenericEndpoint notify
INFO: Unsupported notification method: $/setTrace
2023.01.02 15:53:17 INFO  shutting down Metals
2023.01.02 15:53:30 INFO  tracing is disabled for protocol LSP, to enable tracing of incoming and outgoing JSON messages create an empty file at c:\Users\skill\IdeaProjects\wizard_as_a_webapp\.metals\lsp.trace.json or C:\Users\skill\AppData\Local\scalameta\metals\cache\lsp.trace.json
2023.01.02 15:53:30 INFO  logging to file C:\Users\skill\IdeaProjects\wizard_as_a_webapp\.metals\metals.log
2023.01.02 15:53:30 INFO  Started: Metals version 0.11.9 in workspace 'C:\Users\skill\IdeaProjects\wizard_as_a_webapp' for client Visual Studio Code 1.74.2.
2023.01.02 15:53:32 INFO  time: initialize in 1.1s
2023.01.02 15:53:33 WARN  Build server is not auto-connectable.
Jan. 02, 2023 8:31:58 PM org.eclipse.lsp4j.jsonrpc.services.GenericEndpoint notify
INFO: Unsupported notification method: $/setTrace
2023.01.02 20:33:21 INFO  shutting down Metals
2023.01.02 20:33:21 ERROR Unexpected error initializing serverorg.eclipse.lsp4j.jsonrpc.ResponseErrorException: Request window/showMessageRequest failed with message: Canceled
	at org.eclipse.lsp4j.jsonrpc.RemoteEndpoint.handleResponse(RemoteEndpoint.java:209)
	at org.eclipse.lsp4j.jsonrpc.RemoteEndpoint.consume(RemoteEndpoint.java:193)
	at org.eclipse.lsp4j.jsonrpc.json.StreamMessageProducer.handleMessage(StreamMessageProducer.java:194)
	at org.eclipse.lsp4j.jsonrpc.json.StreamMessageProducer.listen(StreamMessageProducer.java:94)
	at org.eclipse.lsp4j.jsonrpc.json.ConcurrentMessageProcessor.run(ConcurrentMessageProcessor.java:113)
	at java.util.concurrent.Executors$RunnableAdapter.call(Executors.java:539)
	at java.util.concurrent.FutureTask.run(FutureTask.java:264)
	at java.util.concurrent.ThreadPoolExecutor.runWorker(ThreadPoolExecutor.java:1136)
	at java.util.concurrent.ThreadPoolExecutor$Worker.run(ThreadPoolExecutor.java:635)
	at java.lang.Thread.run(Thread.java:833)

2023.01.03 09:11:23 INFO  tracing is disabled for protocol LSP, to enable tracing of incoming and outgoing JSON messages create an empty file at c:\Users\skill\IdeaProjects\wizard_as_a_webapp\.metals\lsp.trace.json or C:\Users\skill\AppData\Local\scalameta\metals\cache\lsp.trace.json
2023.01.03 09:11:25 INFO  logging to file C:\Users\skill\IdeaProjects\wizard_as_a_webapp\.metals\metals.log
2023.01.03 09:11:25 INFO  Started: Metals version 0.11.9 in workspace 'C:\Users\skill\IdeaProjects\wizard_as_a_webapp' for client Visual Studio Code 1.74.2.
2023.01.03 09:11:26 INFO  time: initialize in 1.51s
2023.01.03 09:11:28 WARN  Build server is not auto-connectable.
Jan. 03, 2023 11:27:31 AM org.eclipse.lsp4j.jsonrpc.services.GenericEndpoint notify
INFO: Unsupported notification method: $/setTrace
2023.01.03 11:54:06 INFO  shutting down Metals
2023.01.03 11:54:31 INFO  tracing is disabled for protocol LSP, to enable tracing of incoming and outgoing JSON messages create an empty file at c:\Users\skill\IdeaProjects\wizard_as_a_webapp\.metals\lsp.trace.json or C:\Users\skill\AppData\Local\scalameta\metals\cache\lsp.trace.json
2023.01.03 11:54:32 INFO  logging to file C:\Users\skill\IdeaProjects\wizard_as_a_webapp\.metals\metals.log
2023.01.03 11:54:32 INFO  Started: Metals version 0.11.10 in workspace 'C:\Users\skill\IdeaProjects\wizard_as_a_webapp' for client Visual Studio Code 1.74.2.
SLF4J: No SLF4J providers were found.
SLF4J: Defaulting to no-operation (NOP) logger implementation
SLF4J: See https://www.slf4j.org/codes.html#noProviders for further details.
SLF4J: Class path contains SLF4J bindings targeting slf4j-api versions 1.7.x or earlier.
SLF4J: Ignoring binding found at [jar:file:/C:/Users/skill/AppData/Local/Coursier/cache/v1/https/repo1.maven.org/maven2/com/outr/scribe-slf4j_2.13/3.10.5/scribe-slf4j_2.13-3.10.5.jar!/org/slf4j/impl/StaticLoggerBinder.class]
SLF4J: See https://www.slf4j.org/codes.html#ignoredBindings for an explanation.
2023.01.03 11:54:33 INFO  time: initialize in 1.05s
2023.01.03 11:54:34 WARN  Build server is not auto-connectable.
2023.01.03 11:55:28 ERROR Unexpected error initializing serverscala.concurrent.Future$$anon$2: Future.filter predicate is not satisfied

Jan. 03, 2023 12:26:34 PM org.eclipse.lsp4j.jsonrpc.services.GenericEndpoint notify
INFO: Unsupported notification method: $/setTrace
